<?xml version="1.0" encoding="UTF-8"?>
<testng-results ignored="0" total="8" passed="8" failed="0" skipped="0">
  <reporter-output>
  </reporter-output>
  <suite started-at="2022-06-17T08:49:54 IST" name="Automation" finished-at="2022-06-17T08:51:02 IST" duration-ms="67914">
    <groups>
    </groups>
    <test started-at="2022-06-17T08:49:54 IST" name="MobWorld" finished-at="2022-06-17T08:51:02 IST" duration-ms="67914">
      <class name="MobWorld.Home">
        <test-method signature="Lanching_the_Browser()[pri:0, instance:MobWorld.Home@7a419da4]" started-at="2022-06-17T08:49:54 IST" name="Lanching_the_Browser" finished-at="2022-06-17T08:50:04 IST" duration-ms="9861" status="PASS">
          <reporter-output>
          </reporter-output>
        </test-method> <!-- Lanching_the_Browser -->
      </class> <!-- MobWorld.Home -->
      <class name="MobWorld.ContUs">
        <test-method signature="Lanching_the_Browser()[pri:0, instance:MobWorld.ContUs@fba92d3]" started-at="2022-06-17T08:50:46 IST" name="Lanching_the_Browser" finished-at="2022-06-17T08:50:58 IST" duration-ms="11458" status="PASS">
          <reporter-output>
          </reporter-output>
        </test-method> <!-- Lanching_the_Browser -->
        <test-method signature="contactUs()[pri:4, instance:MobWorld.ContUs@fba92d3]" started-at="2022-06-17T08:50:58 IST" name="contactUs" finished-at="2022-06-17T08:51:02 IST" duration-ms="3913" status="PASS">
          <reporter-output>
          </reporter-output>
        </test-method> <!-- contactUs -->
      </class> <!-- MobWorld.ContUs -->
      <class name="MobWorld.OrderMobiles">
        <test-method signature="Lanching_the_Browser()[pri:0, instance:MobWorld.OrderMobiles@67c33749]" started-at="2022-06-17T08:50:21 IST" name="Lanching_the_Browser" finished-at="2022-06-17T08:50:35 IST" duration-ms="14155" status="PASS">
          <reporter-output>
          </reporter-output>
        </test-method> <!-- Lanching_the_Browser -->
        <test-method signature="search()[pri:2, instance:MobWorld.OrderMobiles@67c33749]" started-at="2022-06-17T08:50:35 IST" name="search" finished-at="2022-06-17T08:50:38 IST" duration-ms="3601" status="PASS">
          <reporter-output>
          </reporter-output>
        </test-method> <!-- search -->
        <test-method signature="Order()[pri:3, instance:MobWorld.OrderMobiles@67c33749]" started-at="2022-06-17T08:50:38 IST" name="Order" finished-at="2022-06-17T08:50:46 IST" duration-ms="7945" status="PASS">
          <reporter-output>
          </reporter-output>
        </test-method> <!-- Order -->
      </class> <!-- MobWorld.OrderMobiles -->
      <class name="MobWorld.SignInSignUp">
        <test-method signature="Lanching_the_Browser()[pri:0, instance:MobWorld.SignInSignUp@78123e82]" started-at="2022-06-17T08:50:04 IST" name="Lanching_the_Browser" finished-at="2022-06-17T08:50:14 IST" duration-ms="10709" status="PASS">
          <reporter-output>
          </reporter-output>
        </test-method> <!-- Lanching_the_Browser -->
        <test-method signature="Sigup_for_mobiles()[pri:0, instance:MobWorld.SignInSignUp@78123e82]" started-at="2022-06-17T08:50:14 IST" name="Sigup_for_mobiles" finished-at="2022-06-17T08:50:21 IST" depends-on-methods="MobWorld.Home.Lanching_the_Browser" duration-ms="6133" status="PASS">
          <reporter-output>
          </reporter-output>
        </test-method> <!-- Sigup_for_mobiles -->
      </class> <!-- MobWorld.SignInSignUp -->
    </test> <!-- MobWorld -->
  </suite> <!-- Automation -->
</testng-results>
