<?xml version="1.0" encoding="UTF-8"?>
<!-- Generated by org.testng.reporters.JUnitXMLReporter -->
<testsuite ignored="0" hostname="DESKTOP-F2A90RL" failures="0" tests="8" name="MobWorld" time="67.914" errors="0" timestamp="2022-06-17T08:51:02 IST">
  <testcase classname="MobWorld.Home" name="Lanching_the_Browser" time="9.861"/>
  <testcase classname="MobWorld.Home" name="Lanching_the_Browser" time="10.709"/>
  <testcase classname="MobWorld.SignInSignUp" name="Sigup_for_mobiles" time="6.133"/>
  <testcase classname="MobWorld.Home" name="Lanching_the_Browser" time="14.155"/>
  <testcase classname="MobWorld.OrderMobiles" name="search" time="3.601"/>
  <testcase classname="MobWorld.OrderMobiles" name="Order" time="7.945"/>
  <testcase classname="MobWorld.Home" name="Lanching_the_Browser" time="11.458"/>
  <testcase classname="MobWorld.ContUs" name="contactUs" time="3.913"/>
</testsuite> <!-- MobWorld -->
